
2018-02-26 10:14:37...installerHook: Could not find custom/install/install_hooks.php
2018-02-26 10:14:48...Begin System Check Process *************
2018-02-26 10:14:48...XML Parsing Support Found
2018-02-26 10:14:48...MBString Support Found
2018-02-26 10:14:48...ZIP Support Found
2018-02-26 10:14:48.../custom directory and subdirectory check passed
2018-02-26 10:14:48...cache directory and subdirectory check passed
2018-02-26 10:14:49.../module  directory and subdirectory check passed
2018-02-26 10:14:49.../upload directory check passed
2018-02-26 10:14:49.../zip check passed
2018-02-26 10:14:49...PCRE version check passed
2018-02-26 10:14:49...installerHook: Could not find custom/install/install_hooks.php
2018-02-26 10:14:49...php.ini location found. C:\xampp\php\php.ini
2018-02-26 10:14:49...Outputting HTML for System check
2018-02-26 10:14:49...No Errors were found *************
2018-02-26 10:14:49...installerHook: Could not find custom/install/install_hooks.php
2018-02-26 10:15:19...installerHook: Could not find custom/install/install_hooks.php
2018-02-26 10:18:46...Begin DB Check Process *************
2018-02-26 10:18:46...testing with mysql:mysqli
2018-02-26 10:18:46...Basic form info is valid, continuing Process.
2018-02-26 10:18:46...Testing user account...
2018-02-26 10:18:46...ERROR::  The provided database host, username, and/or password is invalid, and a connection to the database could not be established. Please enter a valid host, username and password
2018-02-26 10:18:46...FATAL:: errors have been detected!  User will not be allowed to continue.  Errors are as follow:
2018-02-26 10:18:46..... The provided database host, username, and/or password is invalid, and a connection to the database could not be established. Please enter a valid host, username and password
2018-02-26 10:18:46...End DB Check Process *************
2018-02-26 10:19:49...Begin DB Check Process *************
2018-02-26 10:19:49...testing with mysql:mysqli
2018-02-26 10:19:49...Basic form info is valid, continuing Process.
2018-02-26 10:19:49...Testing user account...
2018-02-26 10:19:49...Connection made using  host: localhost, usr: root
2018-02-26 10:19:49...SUCCESS:: no errors detected!
2018-02-26 10:19:49...End DB Check Process *************
2018-02-26 10:19:49...installerHook: Could not find custom/install/install_hooks.php
2018-02-26 10:19:49...calling handleSugarConfig()
2018-02-26 10:19:49...calling handleHtaccess()
2018-02-26 10:19:49...calling handleDbCreateDatabase()
2018-02-26 10:19:50...looping through all the Beans and create their tables
2018-02-26 10:19:50...processing table acl_actions
2018-02-26 10:19:50...creating table acl_actions
2018-02-26 10:19:50...creating Relationship Meta for ACLAction
2018-02-26 10:19:50...processing table acl_roles
2018-02-26 10:19:50...creating table acl_roles
2018-02-26 10:19:50...creating Relationship Meta for ACLRole
2018-02-26 10:19:50...processing table relationships
2018-02-26 10:19:50...creating table relationships
2018-02-26 10:19:50...creating Relationship Meta for Relationship
2018-02-26 10:19:50...processing table leads
2018-02-26 10:19:51...creating table leads
2018-02-26 10:19:51...creating Relationship Meta for Lead
2018-02-26 10:19:51...processing table cases
2018-02-26 10:19:51...creating table cases
2018-02-26 10:19:51...creating Relationship Meta for Case
2018-02-26 10:19:51...processing table bugs
2018-02-26 10:19:52...creating table bugs
2018-02-26 10:19:52...creating Relationship Meta for Bug
2018-02-26 10:19:52...processing table users
2018-02-26 10:19:52...creating table users
2018-02-26 10:19:52...creating Relationship Meta for User
2018-02-26 10:19:52...processing table campaign_log
2018-02-26 10:19:53...creating table campaign_log
2018-02-26 10:19:53...creating Relationship Meta for CampaignLog
2018-02-26 10:19:53...processing table project
2018-02-26 10:19:53...creating table project
2018-02-26 10:19:53...creating Relationship Meta for Project
2018-02-26 10:19:53...processing table project_task
2018-02-26 10:19:54...creating table project_task
2018-02-26 10:19:54...creating Relationship Meta for ProjectTask
2018-02-26 10:19:54...processing table campaigns
2018-02-26 10:19:54...creating table campaigns
2018-02-26 10:19:54...creating Relationship Meta for Campaign
2018-02-26 10:19:54...processing table prospect_lists
2018-02-26 10:19:55...creating table prospect_lists
2018-02-26 10:19:55...creating Relationship Meta for ProspectList
2018-02-26 10:19:55...processing table prospects
2018-02-26 10:19:55...creating table prospects
2018-02-26 10:19:55...creating Relationship Meta for Prospect
2018-02-26 10:19:56...processing table email_marketing
2018-02-26 10:19:56...creating table email_marketing
2018-02-26 10:19:56...creating Relationship Meta for EmailMarketing
2018-02-26 10:19:56...processing table campaign_trkrs
2018-02-26 10:19:56...creating table campaign_trkrs
2018-02-26 10:19:56...creating Relationship Meta for CampaignTracker
2018-02-26 10:19:56...processing table releases
2018-02-26 10:19:56...creating table releases
2018-02-26 10:19:56...creating Relationship Meta for Release
2018-02-26 10:19:56...processing table emailman
2018-02-26 10:19:56...creating table emailman
2018-02-26 10:19:56...creating Relationship Meta for EmailMan
2018-02-26 10:19:56...processing table schedulers
2018-02-26 10:19:57...creating table schedulers
2018-02-26 10:19:57...creating Relationship Meta for Scheduler
2018-02-26 10:19:57...processing table job_queue
2018-02-26 10:19:57...creating table job_queue
2018-02-26 10:19:57...creating Relationship Meta for SchedulersJob
2018-02-26 10:19:57...processing table contacts
2018-02-26 10:19:57...creating table contacts
2018-02-26 10:19:57...creating Relationship Meta for Contact
2018-02-26 10:19:57...processing table accounts
2018-02-26 10:19:58...creating table accounts
2018-02-26 10:19:58...creating Relationship Meta for Account
2018-02-26 10:19:59...processing table opportunities
2018-02-26 10:19:59...creating table opportunities
2018-02-26 10:19:59...creating Relationship Meta for Opportunity
2018-02-26 10:20:00...processing table email_templates
2018-02-26 10:20:00...creating table email_templates
2018-02-26 10:20:00...creating Relationship Meta for EmailTemplate
2018-02-26 10:20:00...processing table notes
2018-02-26 10:20:00...creating table notes
2018-02-26 10:20:00...creating Relationship Meta for Note
2018-02-26 10:20:00...processing table calls
2018-02-26 10:20:01...creating table calls
2018-02-26 10:20:01...creating Relationship Meta for Call
2018-02-26 10:20:01...processing table emails
2018-02-26 10:20:02...creating table emails
2018-02-26 10:20:02...creating Relationship Meta for Email
2018-02-26 10:20:02...processing table meetings
2018-02-26 10:20:02...creating table meetings
2018-02-26 10:20:02...creating Relationship Meta for Meeting
2018-02-26 10:20:03...processing table tasks
2018-02-26 10:20:03...creating table tasks
2018-02-26 10:20:03...creating Relationship Meta for Task
2018-02-26 10:20:03...processing table users
2018-02-26 10:20:03...processing table users
2018-02-26 10:20:03...processing table currencies
2018-02-26 10:20:03...creating table currencies
2018-02-26 10:20:03...creating Relationship Meta for Currency
2018-02-26 10:20:03...processing table tracker
2018-02-26 10:20:03...creating table tracker
2018-02-26 10:20:03...creating Relationship Meta for Tracker
2018-02-26 10:20:03...processing table import_maps
2018-02-26 10:20:03...creating table import_maps
2018-02-26 10:20:03...creating Relationship Meta for ImportMap
2018-02-26 10:20:03...processing table users_last_import
2018-02-26 10:20:03...creating table users_last_import
2018-02-26 10:20:03...creating Relationship Meta for UsersLastImport
2018-02-26 10:20:03...processing table config
2018-02-26 10:20:03...creating table config
2018-02-26 10:20:03...creating Relationship Meta for Administration
2018-02-26 10:20:03...processing table upgrade_history
2018-02-26 10:20:04...creating table upgrade_history
2018-02-26 10:20:04...creating Relationship Meta for UpgradeHistory
2018-02-26 10:20:04...processing table vcals
2018-02-26 10:20:04...creating table vcals
2018-02-26 10:20:04...creating Relationship Meta for vCal
2018-02-26 10:20:04...processing table alerts
2018-02-26 10:20:04...creating table alerts
2018-02-26 10:20:04...creating Relationship Meta for Alert
2018-02-26 10:20:04...processing table roles
2018-02-26 10:20:05...creating table roles
2018-02-26 10:20:05...creating Relationship Meta for Role
2018-02-26 10:20:05...processing table documents
2018-02-26 10:20:05...creating table documents
2018-02-26 10:20:05...creating Relationship Meta for Document
2018-02-26 10:20:05...processing table document_revisions
2018-02-26 10:20:05...creating table document_revisions
2018-02-26 10:20:05...creating Relationship Meta for DocumentRevision
2018-02-26 10:20:05...processing table fields_meta_data
2018-02-26 10:20:05...creating table fields_meta_data
2018-02-26 10:20:05...creating Relationship Meta for FieldsMetaData
2018-02-26 10:20:05...processing table inbound_email
2018-02-26 10:20:05...creating table inbound_email
2018-02-26 10:20:05...creating Relationship Meta for InboundEmail
2018-02-26 10:20:05...processing table saved_search
2018-02-26 10:20:05...creating table saved_search
2018-02-26 10:20:05...creating Relationship Meta for SavedSearch
2018-02-26 10:20:05...processing table user_preferences
2018-02-26 10:20:05...creating table user_preferences
2018-02-26 10:20:05...creating Relationship Meta for UserPreference
2018-02-26 10:20:05...processing table 
2018-02-26 10:20:05...processing table email_addresses
2018-02-26 10:20:06...creating table email_addresses
2018-02-26 10:20:06...creating Relationship Meta for EmailAddress
2018-02-26 10:20:06...processing table emails_text
2018-02-26 10:20:06...creating table emails_text
2018-02-26 10:20:06...creating Relationship Meta for EmailText
2018-02-26 10:20:06...processing table spots
2018-02-26 10:20:06...creating table spots
2018-02-26 10:20:06...creating Relationship Meta for Spots
2018-02-26 10:20:07...processing table aobh_businesshours
2018-02-26 10:20:07...creating table aobh_businesshours
2018-02-26 10:20:07...creating Relationship Meta for AOBH_BusinessHours
2018-02-26 10:20:07...processing table sugarfeed
2018-02-26 10:20:07...creating table sugarfeed
2018-02-26 10:20:07...creating Relationship Meta for SugarFeed
2018-02-26 10:20:07...processing table eapm
2018-02-26 10:20:07...creating table eapm
2018-02-26 10:20:07...creating Relationship Meta for EAPM
2018-02-26 10:20:07...processing table oauth_consumer
2018-02-26 10:20:07...creating table oauth_consumer
2018-02-26 10:20:07...creating Relationship Meta for OAuthKey
2018-02-26 10:20:07...processing table oauth_tokens
2018-02-26 10:20:07...creating table oauth_tokens
2018-02-26 10:20:07...creating Relationship Meta for OAuthToken
2018-02-26 10:20:07...processing table am_projecttemplates
2018-02-26 10:20:08...creating table am_projecttemplates
2018-02-26 10:20:08...creating Relationship Meta for AM_ProjectTemplates
2018-02-26 10:20:08...processing table am_tasktemplates
2018-02-26 10:20:09...creating table am_tasktemplates
2018-02-26 10:20:09...creating Relationship Meta for AM_TaskTemplates
2018-02-26 10:20:09...processing table favorites
2018-02-26 10:20:09...creating table favorites
2018-02-26 10:20:09...creating Relationship Meta for Favorites
2018-02-26 10:20:09...processing table aok_knowledge_base_categories
2018-02-26 10:20:10...creating table aok_knowledge_base_categories
2018-02-26 10:20:10...creating Relationship Meta for AOK_Knowledge_Base_Categories
2018-02-26 10:20:10...processing table aok_knowledgebase
2018-02-26 10:20:10...creating table aok_knowledgebase
2018-02-26 10:20:10...creating Relationship Meta for AOK_KnowledgeBase
2018-02-26 10:20:10...processing table reminders
2018-02-26 10:20:10...creating table reminders
2018-02-26 10:20:10...creating Relationship Meta for Reminder
2018-02-26 10:20:10...processing table reminders_invitees
2018-02-26 10:20:10...creating table reminders_invitees
2018-02-26 10:20:10...creating Relationship Meta for Reminder_Invitee
2018-02-26 10:20:10...processing table fp_events
2018-02-26 10:20:11...creating table fp_events
2018-02-26 10:20:11...creating Relationship Meta for FP_events
2018-02-26 10:20:11...processing table fp_event_locations
2018-02-26 10:20:12...creating table fp_event_locations
2018-02-26 10:20:12...creating Relationship Meta for FP_Event_Locations
2018-02-26 10:20:12...processing table aod_indexevent
2018-02-26 10:20:12...creating table aod_indexevent
2018-02-26 10:20:12...creating Relationship Meta for AOD_IndexEvent
2018-02-26 10:20:12...processing table aod_index
2018-02-26 10:20:13...creating table aod_index
2018-02-26 10:20:13...creating Relationship Meta for AOD_Index
2018-02-26 10:20:13...processing table aop_case_events
2018-02-26 10:20:13...creating table aop_case_events
2018-02-26 10:20:13...creating Relationship Meta for AOP_Case_Events
2018-02-26 10:20:13...processing table aop_case_updates
2018-02-26 10:20:14...creating table aop_case_updates
2018-02-26 10:20:14...creating Relationship Meta for AOP_Case_Updates
2018-02-26 10:20:14...processing table aor_reports
2018-02-26 10:20:15...creating table aor_reports
2018-02-26 10:20:15...creating Relationship Meta for AOR_Report
2018-02-26 10:20:15...processing table aor_fields
2018-02-26 10:20:15...creating table aor_fields
2018-02-26 10:20:15...creating Relationship Meta for AOR_Field
2018-02-26 10:20:15...processing table aor_charts
2018-02-26 10:20:15...creating table aor_charts
2018-02-26 10:20:15...creating Relationship Meta for AOR_Chart
2018-02-26 10:20:15...processing table aor_conditions
2018-02-26 10:20:16...creating table aor_conditions
2018-02-26 10:20:16...creating Relationship Meta for AOR_Condition
2018-02-26 10:20:16...processing table aor_scheduled_reports
2018-02-26 10:20:16...creating table aor_scheduled_reports
2018-02-26 10:20:16...creating Relationship Meta for AOR_Scheduled_Reports
2018-02-26 10:20:16...processing table aos_contracts
2018-02-26 10:20:17...creating table aos_contracts
2018-02-26 10:20:17...creating Relationship Meta for AOS_Contracts
2018-02-26 10:20:17...processing table aos_invoices
2018-02-26 10:20:18...creating table aos_invoices
2018-02-26 10:20:18...creating Relationship Meta for AOS_Invoices
2018-02-26 10:20:18...processing table aos_pdf_templates
2018-02-26 10:20:18...creating table aos_pdf_templates
2018-02-26 10:20:18...creating Relationship Meta for AOS_PDF_Templates
2018-02-26 10:20:18...processing table aos_product_categories
2018-02-26 10:20:19...creating table aos_product_categories
2018-02-26 10:20:19...creating Relationship Meta for AOS_Product_Categories
2018-02-26 10:20:19...processing table aos_products
2018-02-26 10:20:20...creating table aos_products
2018-02-26 10:20:20...creating Relationship Meta for AOS_Products
2018-02-26 10:20:20...processing table aos_products_quotes
2018-02-26 10:20:20...creating table aos_products_quotes
2018-02-26 10:20:20...creating Relationship Meta for AOS_Products_Quotes
2018-02-26 10:20:20...processing table aos_line_item_groups
2018-02-26 10:20:20...creating table aos_line_item_groups
2018-02-26 10:20:20...creating Relationship Meta for AOS_Line_Item_Groups
2018-02-26 10:20:20...processing table aos_quotes
2018-02-26 10:20:21...creating table aos_quotes
2018-02-26 10:20:21...creating Relationship Meta for AOS_Quotes
2018-02-26 10:20:21...processing table aow_actions
2018-02-26 10:20:21...creating table aow_actions
2018-02-26 10:20:21...creating Relationship Meta for AOW_Action
2018-02-26 10:20:21...processing table aow_workflow
2018-02-26 10:20:21...creating table aow_workflow
2018-02-26 10:20:21...creating Relationship Meta for AOW_WorkFlow
2018-02-26 10:20:22...processing table aow_processed
2018-02-26 10:20:22...creating table aow_processed
2018-02-26 10:20:22...creating Relationship Meta for AOW_Processed
2018-02-26 10:20:22...processing table aow_conditions
2018-02-26 10:20:22...creating table aow_conditions
2018-02-26 10:20:22...creating Relationship Meta for AOW_Condition
2018-02-26 10:20:22...processing table jjwg_maps
2018-02-26 10:20:23...creating table jjwg_maps
2018-02-26 10:20:23...creating Relationship Meta for jjwg_Maps
2018-02-26 10:20:23...processing table jjwg_markers
2018-02-26 10:20:23...creating table jjwg_markers
2018-02-26 10:20:23...creating Relationship Meta for jjwg_Markers
2018-02-26 10:20:24...processing table jjwg_areas
2018-02-26 10:20:24...creating table jjwg_areas
2018-02-26 10:20:24...creating Relationship Meta for jjwg_Areas
2018-02-26 10:20:25...processing table jjwg_address_cache
2018-02-26 10:20:25...creating table jjwg_address_cache
2018-02-26 10:20:25...creating Relationship Meta for jjwg_Address_Cache
2018-02-26 10:20:25...processing table calls_reschedule
2018-02-26 10:20:26...creating table calls_reschedule
2018-02-26 10:20:26...creating Relationship Meta for Calls_Reschedule
2018-02-26 10:20:26...processing table securitygroups
2018-02-26 10:20:26...creating table securitygroups
2018-02-26 10:20:26...creating Relationship Meta for SecurityGroup
2018-02-26 10:20:26...processing table outbound_email
2018-02-26 10:20:27...creating table outbound_email
2018-02-26 10:20:27...creating Relationship Meta for OutboundEmailAccounts
2018-02-26 10:20:27...processing table templatesectionline
2018-02-26 10:20:28...creating table templatesectionline
2018-02-26 10:20:28...creating Relationship Meta for TemplateSectionLine
2018-02-26 10:20:28...processing table oauth2tokens
2018-02-26 10:20:28...creating table oauth2tokens
2018-02-26 10:20:28...creating Relationship Meta for OAuth2Tokens
2018-02-26 10:20:28...processing table oauth2clients
2018-02-26 10:20:28...creating table oauth2clients
2018-02-26 10:20:28...creating Relationship Meta for OAuth2Clients
2018-02-26 10:20:28...processing table surveyresponses
2018-02-26 10:20:28...creating table surveyresponses
2018-02-26 10:20:28...creating Relationship Meta for SurveyResponses
2018-02-26 10:20:29...processing table surveys
2018-02-26 10:20:29...creating table surveys
2018-02-26 10:20:29...creating Relationship Meta for Surveys
2018-02-26 10:20:29...processing table surveyquestionresponses
2018-02-26 10:20:30...creating table surveyquestionresponses
2018-02-26 10:20:30...creating Relationship Meta for SurveyQuestionResponses
2018-02-26 10:20:30...processing table surveyquestions
2018-02-26 10:20:30...creating table surveyquestions
2018-02-26 10:20:30...creating Relationship Meta for SurveyQuestions
2018-02-26 10:20:31...processing table surveyquestionoptions
2018-02-26 10:20:31...creating table surveyquestionoptions
2018-02-26 10:20:31...creating Relationship Meta for SurveyQuestionOptions
2018-02-26 10:20:43...Begin creating Defaults
2018-02-26 10:20:43...insert defaults into config table
2018-02-26 10:20:44...Creating default users
2018-02-26 10:20:44...Creating default scheduler jobs
2018-02-26 10:20:45...Enable SugarFeeds
2018-02-26 10:20:45...Installation has completed *********
2018-02-26 10:21:10...populating the db with seed data
2018-02-26 10:21:10...Save configuration settings..
2018-02-26 10:21:10...save locale
2018-02-26 10:21:10...new Administration
2018-02-26 10:21:10...retrieveSettings
2018-02-26 10:21:10...AdminWizard OFF
2018-02-26 10:21:11...saveConfig
2018-02-26 10:21:11...new Configurator
2018-02-26 10:21:11...populateFromPost
2018-02-26 10:21:11...handleOverride
2018-02-26 10:21:11...addCronAllowedUser
2018-02-26 10:21:11...saveConfig
2018-02-26 10:21:11...new Currency
2018-02-26 10:21:11...retrieve
2018-02-26 10:21:11...DBG: save currency
2018-02-26 10:21:11...Save user settings..
2018-02-26 10:21:11...DBG: SugarThemeRegistry::getDefault
2018-02-26 10:21:11...DBG: require modules/Users/Save.php
2018-02-26 10:22:36...installerHook: Could not find custom/install/install_hooks.php