Mon Feb 26 11:27:30 2018 [5492][1][FATAL] field_defs should be an array
Mon Feb 26 11:28:17 2018 [5492][1][FATAL] Undefined index: module
Mon Feb 26 11:28:17 2018 [5492][1][FATAL] Invalid or missing SubPanelDefinition property: subpanel_name
Mon Feb 26 11:28:17 2018 [5492][1][FATAL] Failed to load original or custom subpanel data for eapm in 
Mon Feb 26 12:00:41 2018 [5492][1][FATAL] Error: File [modules/EmailAddresses/metadata/detailviewdefs.php] is missing. Unable to create because no corresponding HTML file was found.
Mon Feb 26 13:18:13 2018 [5492][1][FATAL] field_defs should be an array
Mon Feb 26 13:18:26 2018 [5492][1][FATAL] field_defs should be an array
Mon Feb 26 13:46:50 2018 [5492][1][FATAL] field_defs should be an array
Mon Feb 26 13:48:34 2018 [5492][1][FATAL] SugarPHPMailer encountered an error: SMTP Error: Could not connect to SMTP host.
Mon Feb 26 13:48:34 2018 [5492][1][FATAL] SugarPHPMailer encountered an error: SMTP Error: Could not connect to SMTP host.
Mon Feb 26 13:48:34 2018 [5492][1][FATAL] Notifications: error sending e-mail (method: smtp), (error: SMTP Error: Could not connect to SMTP host.)
Mon Feb 26 13:53:04 2018 [5492][1][FATAL] field_defs should be an array
Tue Feb 27 10:05:23 2018 [6076][-none-][FATAL] Could not connect to DB server localhost as root. port : No connection could be made because the target machine actively refused it.

Tue Feb 27 10:07:02 2018 [6076][1][FATAL] field_defs should be an array
Tue Feb 27 10:11:00 2018 [6076][1][FATAL] field_defs should be an array
Tue Feb 27 10:34:24 2018 [6076][1][FATAL] field_defs should be an array
Tue Feb 27 10:56:02 2018 [6076][1][FATAL] field_defs should be an array
Wed Feb 28 07:16:03 2018 [3148][-none-][FATAL] SECURITY: User authentication for test failed
Wed Feb 28 07:16:03 2018 [3148][-none-][FATAL] FAILED LOGIN:attempts[1], ip[::1], username[test]
Wed Mar  7 12:21:26 2018 [5080][-none-][FATAL] SECURITY: User authentication for test failed
Wed Mar  7 12:21:26 2018 [5080][-none-][FATAL] FAILED LOGIN:attempts[1], ip[::1], username[test]
Thu Mar  8 05:54:09 2018 [4984][-none-][FATAL] SECURITY: User authentication for admin_as failed
Thu Mar  8 05:54:09 2018 [4984][-none-][FATAL] FAILED LOGIN:attempts[1], ip[::1], username[admin_as]
Thu Mar  8 09:40:45 2018 [4984][1][FATAL] field_defs should be an array
Thu Mar  8 09:41:41 2018 [4984][1][FATAL] field_defs should be an array
Fri Mar  9 05:53:20 2018 [1112][-none-][FATAL] SECURITY: User authentication for admin_as failed
Fri Mar  9 05:53:20 2018 [1112][-none-][FATAL] FAILED LOGIN:attempts[1], ip[::1], username[admin_as]
